2023-05-15 21:53:15,091 =============================================================
2023-05-15 21:53:15,091 =============================================================
2023-05-15 21:53:15,091 Today is 2023-05-15 at 09:53 PM
2023-05-15 21:53:15,119 This file is running on: nt Windows 10
2023-05-15 21:53:15,119 The Python version is: 3.11.3
2023-05-15 21:53:15,120 The active conda environment is:  None
2023-05-15 21:53:15,120 The active pip environment is:    None
2023-05-15 21:53:15,120 The active environment path is:   C:\Users\Hayley\AppData\Local\Programs\Python\Python311
2023-05-15 21:53:15,121 The current working directory is: C:\Users\Hayley\OneDrive\School 2023\GitHub\datafun-02\datafun-02-functions
2023-05-15 21:53:15,121 This source file is in:           c:\Users\Hayley\OneDrive\School 2023\GitHub\datafun-02\datafun-02-functions
2023-05-15 21:53:15,121 =============================================================
2023-05-15 21:53:15,121 =============================================================
2023-05-15 21:53:15,122 Created: NumericSeries with name=Quiz Scores Module 1, units=pts, and 6 data points: [9, 9, 10, 9, 7, 10]
2023-05-15 21:53:15,122 Created: NumericSeries with name=Quiz Scores Module 2, units=pts, and 8 data points: [8, 10, 8, 10, 8, 10, 10, 10]
2023-05-15 21:53:15,122 Created: NumericSeries with name=Quiz Scores Module 3, units=pts, and 4 data points: [7, 8, 9, 10]
2023-05-15 21:53:15,122 NumericSeries with name=Quiz Scores Module 1, units=pts, and 6 data points: [9, 9, 10, 9, 7, 10]
2023-05-15 21:53:15,122 Count: 6
2023-05-15 21:53:15,122 Sum: 54
2023-05-15 21:53:15,122 Mean: 9.0
2023-05-15 21:53:15,122 Median: 9.0
2023-05-15 21:53:15,122 ------------------
2023-05-15 21:53:15,122 NumericSeries with name=Quiz Scores Module 2, units=pts, and 8 data points: [8, 10, 8, 10, 8, 10, 10, 10]
2023-05-15 21:53:15,122 Count: 8
2023-05-15 21:53:15,122 Sum: 74
2023-05-15 21:53:15,122 Mean: 9.25
2023-05-15 21:53:15,122 Median: 10.0
2023-05-15 21:53:15,122 ------------------
2023-05-15 21:53:15,122 NumericSeries with name=Quiz Scores Module 3, units=pts, and 4 data points: [7, 8, 9, 10]
2023-05-15 21:53:15,122 Count: 4
2023-05-15 21:53:15,122 Sum: 34
2023-05-15 21:53:15,122 Mean: 8.5
2023-05-15 21:53:15,122 Median: 8.5
2023-05-15 21:53:15,122 ------------------
